<?xml version="1.0" encoding="UTF-8"?>
<!-- Generated by org.testng.reporters.JUnitReportReporter -->
<testsuite hostname="hp" failures="0" tests="1" name="fetchDataFromResponse.FetchDetailsFromReadyMadeJson" time="1.798" errors="0" timestamp="2023-11-13T15:37:19 IST" skipped="0">
  <testcase classname="fetchDataFromResponse.FetchDetailsFromReadyMadeJson" name="fetchdata" time="1.798"/>
  <system-out/>
</testsuite> <!-- fetchDataFromResponse.FetchDetailsFromReadyMadeJson -->
