<?xml version="1.0" encoding="UTF-8"?>
<!-- Generated by org.testng.reporters.JUnitReportReporter -->
<testsuite hostname="hp" failures="0" tests="1" name="ser_deser_Practice.Create_user" time="3.399" errors="0" timestamp="2023-10-03T09:25:07 IST" skipped="0">
  <testcase classname="ser_deser_Practice.Create_user" name="CreateUser" time="3.399"/>
  <system-out/>
</testsuite> <!-- ser_deser_Practice.Create_user -->
