<?xml version="1.0" encoding="UTF-8"?>
<!-- Generated by org.testng.reporters.JUnitReportReporter -->
<testsuite hostname="hp" failures="0" tests="1" name="ecom.Login_Api" time="7.503" errors="0" timestamp="2024-01-30T15:49:33 IST" skipped="0">
  <testcase classname="ecom.Login_Api" name="loginToApp" time="7.503"/>
  <system-out/>
</testsuite> <!-- ecom.Login_Api -->
