<?xml version="1.0" encoding="UTF-8"?>
<!-- Generated by org.testng.reporters.JUnitReportReporter -->
<testsuite hostname="hp" failures="0" tests="1" name="ecommerse.Login" time="3.255" errors="0" timestamp="2024-01-31T16:24:18 IST" skipped="0">
  <testcase classname="ecommerse.Login" name="logintoApp" time="3.255"/>
  <system-out/>
</testsuite> <!-- ecommerse.Login -->
