<?xml version="1.0" encoding="UTF-8"?>
<!-- Generated by org.testng.reporters.JUnitReportReporter -->
<testsuite hostname="hp" failures="0" tests="1" name="ecom.Login_Api" time="3.371" errors="0" timestamp="2023-08-16T13:29:30 IST" skipped="0">
  <testcase classname="ecom.Login_Api" name="loginToApp" time="3.371"/>
  <system-out/>
</testsuite> <!-- ecom.Login_Api -->
