<?xml version="1.0" encoding="UTF-8"?>
<!-- Generated by org.testng.reporters.JUnitReportReporter -->
<testsuite hostname="hp" failures="0" tests="1" name="basic.Single_User" time="2.155" errors="0" timestamp="2023-08-16T17:58:47 IST" skipped="0">
  <testcase classname="basic.Single_User" name="getSingleUser" time="2.155"/>
  <system-out/>
</testsuite> <!-- basic.Single_User -->
