<?xml version="1.0" encoding="UTF-8"?>
<!-- Generated by org.testng.reporters.JUnitReportReporter -->
<testsuite hostname="hp" failures="0" tests="2" name="ishwar.CreateuserInDatabase" time="6.964" errors="0" timestamp="2024-01-09T16:08:04 IST" skipped="0">
  <testcase classname="ishwar.CreateuserInDatabase" name="usercreate" time="4.276"/>
  <system-out/>
  <testcase classname="ishwar.CreateuserInDatabase" name="userfetch" time="2.688"/>
  <system-out/>
</testsuite> <!-- ishwar.CreateuserInDatabase -->
