<?xml version="1.0" encoding="UTF-8"?>
<!-- Generated by org.testng.reporters.JUnitReportReporter -->
<testsuite hostname="hp" failures="0" tests="1" name="RestPractice.FetchingDataFromComplexJson" time="3.546" errors="0" timestamp="2023-10-02T17:55:34 IST" skipped="0">
  <testcase classname="RestPractice.FetchingDataFromComplexJson" name="ListResource" time="3.546"/>
  <system-out/>
</testsuite> <!-- RestPractice.FetchingDataFromComplexJson -->
