<?xml version="1.0" encoding="UTF-8"?>
<!-- Generated by org.testng.reporters.JUnitReportReporter -->
<testsuite hostname="hp" failures="0" tests="1" name="fetchDataFromResponse.FetchingEmail_AddresFromJson" time="5.557" errors="0" timestamp="2023-08-04T13:19:18 IST" skipped="0">
  <testcase classname="fetchDataFromResponse.FetchingEmail_AddresFromJson" name="fetchingemail" time="5.557"/>
  <system-out/>
</testsuite> <!-- fetchDataFromResponse.FetchingEmail_AddresFromJson -->
