<?xml version="1.0" encoding="UTF-8"?>
<!-- Generated by org.testng.reporters.JUnitReportReporter -->
<testsuite hostname="hp" failures="0" tests="1" name="fetchDataFromResponse.Get_ListUser" time="2.533" errors="0" timestamp="2023-08-25T00:45:35 IST" skipped="0">
  <testcase classname="fetchDataFromResponse.Get_ListUser" name="getuser" time="2.533"/>
  <system-out/>
</testsuite> <!-- fetchDataFromResponse.Get_ListUser -->
