<?xml version="1.0" encoding="UTF-8"?>
<!-- Generated by org.testng.reporters.JUnitReportReporter -->
<testsuite hostname="hp" failures="0" tests="2" name="pack2.CreateuserByPost" time="5.185" errors="0" timestamp="2023-08-25T01:10:33 IST" skipped="0">
  <testcase classname="pack2.CreateuserByPost" name="getuser" time="1.612"/>
  <system-out/>
  <testcase classname="pack2.CreateuserByPost" name="createAndget" time="3.573"/>
  <system-out/>
</testsuite> <!-- pack2.CreateuserByPost -->
