<?xml version="1.0" encoding="UTF-8"?>
<!-- Generated by org.testng.reporters.JUnitReportReporter -->
<testsuite hostname="hp" failures="0" tests="1" name="ecom.Place_order" time="0.447" errors="0" timestamp="2024-01-30T14:12:39 IST" skipped="0">
  <testcase classname="ecom.Place_order" name="place_order" time="0.447"/>
  <system-out/>
</testsuite> <!-- ecom.Place_order -->
