<?xml version="1.0" encoding="UTF-8"?>
<!-- Generated by org.testng.reporters.JUnitReportReporter -->
<testsuite hostname="hp" failures="0" tests="1" name="fetchDataFromResponse.FetchingLastnameFromByron" time="4.500" errors="0" timestamp="2023-08-04T13:38:32 IST" skipped="0">
  <testcase classname="fetchDataFromResponse.FetchingLastnameFromByron" name="fetchingLastname" time="4.500"/>
  <system-out/>
</testsuite> <!-- fetchDataFromResponse.FetchingLastnameFromByron -->
