<?xml version="1.0" encoding="UTF-8"?>
<!-- Generated by org.testng.reporters.JUnitReportReporter -->
<testsuite hostname="hp" failures="0" tests="1" name="runner.NonCommerceRunner" time="18.873" errors="0" timestamp="2023-08-24T23:20:09 IST" skipped="0">
  <testcase classname="runner.NonCommerceRunner" name="runScenario" time="18.873"/>
  <system-out/>
</testsuite> <!-- runner.NonCommerceRunner -->
