<?xml version="1.0" encoding="UTF-8"?>
<!-- Generated by org.testng.reporters.JUnitReportReporter -->
<testsuite hostname="hp" failures="0" tests="1" name="ecommerse.PlaceOrderEcommerse" time="1.472" errors="0" timestamp="2023-12-01T22:35:30 IST" skipped="0">
  <testcase classname="ecommerse.PlaceOrderEcommerse" name="PlaceOrder" time="1.472"/>
  <system-out/>
</testsuite> <!-- ecommerse.PlaceOrderEcommerse -->
