<?xml version="1.0" encoding="UTF-8"?>
<!-- Generated by org.testng.reporters.JUnitReportReporter -->
<testsuite hostname="hp" failures="0" tests="1" name="ser_deser_Practice.Get_ListUser" time="2.428" errors="0" timestamp="2023-10-03T15:01:20 IST" skipped="0">
  <testcase classname="ser_deser_Practice.Get_ListUser" name="FetchData" time="2.428"/>
  <system-out/>
</testsuite> <!-- ser_deser_Practice.Get_ListUser -->
