<?xml version="1.0" encoding="UTF-8"?>
<!-- Generated by org.testng.reporters.JUnitReportReporter -->
<testsuite hostname="hp" failures="0" tests="1" name="ishwar.listofusers" time="4.211" errors="0" timestamp="2024-01-09T13:24:34 IST" skipped="0">
  <testcase classname="ishwar.listofusers" name="fetchuser" time="4.211"/>
  <system-out/>
</testsuite> <!-- ishwar.listofusers -->
