<?xml version="1.0" encoding="UTF-8"?>
<!-- Generated by org.testng.reporters.JUnitReportReporter -->
<testsuite hostname="hp" failures="0" tests="2" name="basic.Post_CreatingUser" time="6.657" errors="0" timestamp="2023-08-25T00:52:11 IST" skipped="0">
  <testcase classname="basic.Post_CreatingUser" name="creteUser" time="4.891"/>
  <system-out/>
  <testcase classname="basic.Post_CreatingUser" name="getUserDetails" time="1.766"/>
  <system-out/>
</testsuite> <!-- basic.Post_CreatingUser -->
