<?xml version="1.0" encoding="UTF-8"?>
<!-- Generated by org.testng.reporters.JUnitReportReporter -->
<testsuite hostname="hp" failures="0" tests="1" name="ecom.Delete_Api" time="0.832" errors="0" timestamp="2023-08-16T13:29:30 IST" skipped="0">
  <testcase classname="ecom.Delete_Api" name="delete_product" time="0.832"/>
  <system-out/>
</testsuite> <!-- ecom.Delete_Api -->
