<?xml version="1.0" encoding="UTF-8"?>
<!-- Generated by org.testng.reporters.JUnitReportReporter -->
<testsuite hostname="hp" failures="0" tests="2" name="fetchDataFromResponse.API_Chaining" time="5.639" errors="0" timestamp="2023-08-17T10:54:48 IST" skipped="0">
  <testcase classname="fetchDataFromResponse.API_Chaining" name="createuser" time="4.026"/>
  <system-out/>
  <testcase classname="fetchDataFromResponse.API_Chaining" name="geuserdetails" time="1.613"/>
  <system-out/>
</testsuite> <!-- fetchDataFromResponse.API_Chaining -->
