<?xml version="1.0" encoding="UTF-8"?>
<!-- Generated by org.testng.reporters.JUnitReportReporter -->
<testsuite hostname="hp" failures="0" tests="1" name="basic.Create_method" time="3.197" errors="0" timestamp="2023-08-16T17:25:27 IST" skipped="0">
  <testcase classname="basic.Create_method" name="CreateResource" time="3.197"/>
  <system-out/>
</testsuite> <!-- basic.Create_method -->
