<?xml version="1.0" encoding="UTF-8"?>
<!-- Generated by org.testng.reporters.JUnitReportReporter -->
<testsuite hostname="hp" failures="0" tests="1" name="ecom.AddProduct_intoApp" time="0.535" errors="0" timestamp="2024-01-30T14:12:39 IST" skipped="0">
  <testcase classname="ecom.AddProduct_intoApp" name="addProductToApp" time="0.535"/>
  <system-out/>
</testsuite> <!-- ecom.AddProduct_intoApp -->
