<?xml version="1.0" encoding="UTF-8"?>
<!-- Generated by org.testng.reporters.JUnitReportReporter -->
<testsuite hostname="hp" failures="0" tests="1" name="RestPractice.FetchingDataFromRedimadeJson" time="1.580" errors="0" timestamp="2023-11-13T15:45:48 IST" skipped="0">
  <testcase classname="RestPractice.FetchingDataFromRedimadeJson" name="ComlexJson" time="1.580"/>
  <system-out/>
</testsuite> <!-- RestPractice.FetchingDataFromRedimadeJson -->
