<?xml version="1.0" encoding="UTF-8"?>
<!-- Generated by org.testng.reporters.JUnitReportReporter -->
<testsuite hostname="hp" failures="0" tests="1" name="ecommerse.Login" time="2.652" errors="0" timestamp="2023-08-11T21:20:43 IST" skipped="0">
  <testcase classname="ecommerse.Login" name="logintoApp" time="2.652"/>
  <system-out/>
</testsuite> <!-- ecommerse.Login -->
