<?xml version="1.0" encoding="UTF-8"?>
<!-- Generated by org.testng.reporters.JUnitReportReporter -->
<testsuite hostname="hp" failures="0" tests="1" name="RestPractice.FetchingDataFromJsonMethod" time="3.511" errors="0" timestamp="2023-10-02T16:09:46 IST" skipped="0">
  <testcase classname="RestPractice.FetchingDataFromJsonMethod" name="Fetchuser" time="3.511"/>
  <system-out/>
</testsuite> <!-- RestPractice.FetchingDataFromJsonMethod -->
