<?xml version="1.0" encoding="UTF-8"?>
<!-- Generated by org.testng.reporters.JUnitReportReporter -->
<testsuite hostname="hp" failures="0" tests="1" name="serealizationAndDeserealization.Get_ListUser" time="2.295" errors="0" timestamp="2023-08-17T13:57:36 IST" skipped="0">
  <testcase classname="serealizationAndDeserealization.Get_ListUser" name="getdeatil" time="2.295"/>
  <system-out/>
</testsuite> <!-- serealizationAndDeserealization.Get_ListUser -->
