<?xml version="1.0" encoding="UTF-8"?>
<!-- Generated by org.testng.reporters.JUnitReportReporter -->
<testsuite hostname="hp" failures="0" tests="2" name="execution.Runner" time="25.479" errors="0" timestamp="2023-08-24T14:11:20 IST" skipped="0">
  <testcase classname="execution.Runner" name="runScenario" time="16.222"/>
  <system-out/>
  <testcase classname="execution.Runner" name="runScenario" time="9.257"/>
  <system-out/>
</testsuite> <!-- execution.Runner -->
