<?xml version="1.0" encoding="UTF-8"?>
<!-- Generated by org.testng.reporters.JUnitReportReporter -->
<testsuite hostname="hp" failures="0" tests="1" name="ser_des.Get_ListUser" time="3.105" errors="0" timestamp="2023-11-03T00:08:32 IST" skipped="0">
  <testcase classname="ser_des.Get_ListUser" name="getdeatil" time="3.105"/>
  <system-out/>
</testsuite> <!-- ser_des.Get_ListUser -->
