<?xml version="1.0" encoding="UTF-8"?>
<!-- Generated by org.testng.reporters.JUnitReportReporter -->
<testsuite hostname="hp" failures="0" tests="1" name="serealizationAndDeserealization.CreateUser" time="6.699" errors="0" timestamp="2023-11-16T17:15:51 IST" skipped="0">
  <testcase classname="serealizationAndDeserealization.CreateUser" name="createUser" time="6.699"/>
  <system-out/>
</testsuite> <!-- serealizationAndDeserealization.CreateUser -->
