<?xml version="1.0" encoding="UTF-8"?>
<!-- Generated by org.testng.reporters.JUnitReportReporter -->
<testsuite hostname="hp" failures="0" tests="1" name="basic.Delayed_Response" time="19.412" errors="0" timestamp="2023-09-16T15:45:56 IST" skipped="0">
  <testcase classname="basic.Delayed_Response" name="getuser" time="19.412"/>
  <system-out/>
</testsuite> <!-- basic.Delayed_Response -->
