<?xml version="1.0" encoding="UTF-8"?>
<!-- Generated by org.testng.reporters.JUnitReportReporter -->
<testsuite hostname="hp" failures="0" tests="1" name="ser_des.Get_ListUser" time="3.146" errors="0" timestamp="2024-01-09T23:24:00 IST" skipped="0">
  <testcase classname="ser_des.Get_ListUser" name="getdeatil" time="3.146"/>
  <system-out/>
</testsuite> <!-- ser_des.Get_ListUser -->
