<?xml version="1.0" encoding="UTF-8"?>
<!-- Generated by org.testng.reporters.JUnitReportReporter -->
<testsuite hostname="hp" failures="0" tests="1" name="basic.Post_LoginSuccessfull" time="2.988" errors="0" timestamp="2023-08-16T17:54:08 IST" skipped="0">
  <testcase classname="basic.Post_LoginSuccessfull" name="login" time="2.988"/>
  <system-out/>
</testsuite> <!-- basic.Post_LoginSuccessfull -->
