<?xml version="1.0" encoding="UTF-8"?>
<!-- Generated by org.testng.reporters.JUnitReportReporter -->
<testsuite hostname="hp" failures="0" tests="1" name="RestPractice.singleUser" time="2.027" errors="0" timestamp="2023-10-02T14:51:43 IST" skipped="0">
  <testcase classname="RestPractice.singleUser" name="SingleUser" time="2.027"/>
  <system-out/>
</testsuite> <!-- RestPractice.singleUser -->
