<?xml version="1.0" encoding="UTF-8"?>
<!-- Generated by org.testng.reporters.JUnitReportReporter -->
<testsuite hostname="hp" failures="0" tests="1" name="fetchDataFromResponse.UsingJsonPathMethod" time="5.667" errors="0" timestamp="2023-08-03T02:14:18 IST" skipped="0">
  <testcase classname="fetchDataFromResponse.UsingJsonPathMethod" name="getUserDetails" time="5.667"/>
  <system-out/>
</testsuite> <!-- fetchDataFromResponse.UsingJsonPathMethod -->
