<?xml version="1.0" encoding="UTF-8"?>
<!-- Generated by org.testng.reporters.JUnitReportReporter -->
<testsuite hostname="hp" failures="0" tests="1" name="ecommerse.DeleteProductApi" time="0.321" errors="0" timestamp="2024-01-31T16:24:18 IST" skipped="0">
  <testcase classname="ecommerse.DeleteProductApi" name="delete_Product" time="0.321"/>
  <system-out/>
</testsuite> <!-- ecommerse.DeleteProductApi -->
