<?xml version="1.0" encoding="UTF-8"?>
<!-- Generated by org.testng.reporters.JUnitReportReporter -->
<testsuite hostname="hp" failures="0" tests="2" name="RestPractice.CreateAndFetchUser" time="4.941" errors="0" timestamp="2023-10-02T15:40:59 IST" skipped="0">
  <testcase classname="RestPractice.CreateAndFetchUser" name="createuser" time="1.527"/>
  <system-out/>
  <testcase classname="RestPractice.CreateAndFetchUser" name="Fetchuser" time="3.414"/>
  <system-out/>
</testsuite> <!-- RestPractice.CreateAndFetchUser -->
