<?xml version="1.0" encoding="UTF-8"?>
<!-- Generated by org.testng.reporters.JUnitReportReporter -->
<testsuite hostname="hp" failures="0" tests="1" name="execution.RunnerClass" time="10.776" errors="0" timestamp="2023-08-23T18:10:14 IST" skipped="0">
  <testcase classname="execution.RunnerClass" name="runScenario" time="10.776"/>
  <system-out/>
</testsuite> <!-- execution.RunnerClass -->
