<?xml version="1.0" encoding="UTF-8"?>
<!-- Generated by org.testng.reporters.JUnitReportReporter -->
<testsuite hostname="hp" failures="0" tests="1" name="serealizationAndDeserealization.Get_ListUsers" time="2.384" errors="0" timestamp="2023-08-17T13:59:23 IST" skipped="0">
  <testcase classname="serealizationAndDeserealization.Get_ListUsers" name="getUsers" time="2.384"/>
  <system-out/>
</testsuite> <!-- serealizationAndDeserealization.Get_ListUsers -->
