<?xml version="1.0" encoding="UTF-8"?>
<!-- Generated by org.testng.reporters.JUnitReportReporter -->
<testsuite hostname="hp" failures="0" tests="1" name="ecom.Delete_Api" time="0.506" errors="0" timestamp="2024-01-30T14:12:39 IST" skipped="0">
  <testcase classname="ecom.Delete_Api" name="delete_product" time="0.506"/>
  <system-out/>
</testsuite> <!-- ecom.Delete_Api -->
