<?xml version="1.0" encoding="UTF-8"?>
<!-- Generated by org.testng.reporters.JUnitReportReporter -->
<testsuite hostname="hp" failures="0" tests="1" name="basic.SingleUser_Not_found" time="2.521" errors="0" timestamp="2023-08-16T17:59:55 IST" skipped="0">
  <testcase classname="basic.SingleUser_Not_found" name="sunf" time="2.521"/>
  <system-out/>
</testsuite> <!-- basic.SingleUser_Not_found -->
