<?xml version="1.0" encoding="UTF-8"?>
<!-- Generated by org.testng.reporters.JUnitReportReporter -->
<testsuite hostname="hp" failures="0" tests="1" name="basic.Get_ListUser" time="2.223" errors="0" timestamp="2023-08-01T22:29:17 IST" skipped="0">
  <testcase classname="basic.Get_ListUser" name="getuser" time="2.223"/>
  <system-out/>
</testsuite> <!-- basic.Get_ListUser -->
