<?xml version="1.0" encoding="UTF-8"?>
<!-- Generated by org.testng.reporters.JUnitReportReporter -->
<testsuite hostname="hp" failures="0" tests="1" name="ecom.AddProduct_intoApp" time="0.611" errors="0" timestamp="2023-08-16T13:29:30 IST" skipped="0">
  <testcase classname="ecom.AddProduct_intoApp" name="addProductToApp" time="0.611"/>
  <system-out/>
</testsuite> <!-- ecom.AddProduct_intoApp -->
