<?xml version="1.0" encoding="UTF-8"?>
<!-- Generated by org.testng.reporters.JUnitReportReporter -->
<testsuite hostname="hp" failures="0" tests="1" name="serealizationAndDeserealization.CreateUser" time="3.715" errors="0" timestamp="2023-08-17T10:47:41 IST" skipped="0">
  <testcase classname="serealizationAndDeserealization.CreateUser" name="createUser" time="3.715"/>
  <system-out/>
</testsuite> <!-- serealizationAndDeserealization.CreateUser -->
