<?xml version="1.0" encoding="UTF-8"?>
<!-- Generated by org.testng.reporters.JUnitReportReporter -->
<testsuite hostname="hp" failures="0" tests="1" name="serealizationAndDeserealization.Get_ListUsers" time="2.335" errors="0" timestamp="2023-11-16T17:16:32 IST" skipped="0">
  <testcase classname="serealizationAndDeserealization.Get_ListUsers" name="getUsers" time="2.335"/>
  <system-out/>
</testsuite> <!-- serealizationAndDeserealization.Get_ListUsers -->
