<?xml version="1.0" encoding="UTF-8"?>
<!-- Generated by org.testng.reporters.JUnitReportReporter -->
<testsuite hostname="hp" failures="0" tests="1" name="basic.Single_User" time="3.244" errors="0" timestamp="2024-01-09T12:08:06 IST" skipped="0">
  <testcase classname="basic.Single_User" name="getSingleUser" time="3.244"/>
  <system-out/>
</testsuite> <!-- basic.Single_User -->
