<?xml version="1.0" encoding="UTF-8"?>
<!-- Generated by org.testng.reporters.JUnitReportReporter -->
<testsuite hostname="hp" failures="0" tests="1" name="basic.Create_method" time="2.775" errors="0" timestamp="2023-11-03T00:11:32 IST" skipped="0">
  <testcase classname="basic.Create_method" name="CreateResource" time="2.775"/>
  <system-out/>
</testsuite> <!-- basic.Create_method -->
