<?xml version="1.0" encoding="UTF-8"?>
<!-- Generated by org.testng.reporters.JUnitReportReporter -->
<testsuite hostname="hp" failures="0" tests="1" name="execution.ComputerRunner" time="14.926" errors="0" timestamp="2023-08-22T16:06:47 IST" skipped="0">
  <testcase classname="execution.ComputerRunner" name="runScenario" time="14.926"/>
  <system-out/>
</testsuite> <!-- execution.ComputerRunner -->
