<?xml version="1.0" encoding="UTF-8"?>
<!-- Generated by org.testng.reporters.JUnitReportReporter -->
<testsuite hostname="hp" failures="0" tests="1" name="fetchDataFromResponse.FetchDetailsFromResadyMadeJson" time="2.773" errors="0" timestamp="2023-08-04T14:49:12 IST" skipped="0">
  <testcase classname="fetchDataFromResponse.FetchDetailsFromResadyMadeJson" name="fetchdata" time="2.773"/>
  <system-out/>
</testsuite> <!-- fetchDataFromResponse.FetchDetailsFromResadyMadeJson -->
