<?xml version="1.0" encoding="UTF-8"?>
<!-- Generated by org.testng.reporters.JUnitReportReporter -->
<testsuite hostname="hp" failures="0" tests="2" name="execution.Runner" time="24.829" errors="0" timestamp="2023-08-24T13:47:35 IST" skipped="0">
  <testcase classname="execution.Runner" name="runScenario" time="14.887"/>
  <system-out/>
  <testcase classname="execution.Runner" name="runScenario" time="9.942"/>
  <system-out/>
</testsuite> <!-- execution.Runner -->
