<?xml version="1.0" encoding="UTF-8"?>
<!-- Generated by org.testng.reporters.JUnitReportReporter -->
<testsuite hostname="hp" failures="0" tests="1" name="ecommerse.AddProductInEcommerse" time="0.723" errors="0" timestamp="2023-08-11T21:20:43 IST" skipped="0">
  <testcase classname="ecommerse.AddProductInEcommerse" name="add_Product" time="0.723"/>
  <system-out/>
</testsuite> <!-- ecommerse.AddProductInEcommerse -->
