<?xml version="1.0" encoding="UTF-8"?>
<!-- Generated by org.testng.reporters.JUnitReportReporter -->
<testsuite hostname="hp" failures="0" tests="1" name="basic.FetchingDataFromComlexJson" time="3.212" errors="0" timestamp="2023-11-03T00:14:39 IST" skipped="0">
  <testcase classname="basic.FetchingDataFromComlexJson" name="getuser" time="3.212"/>
  <system-out/>
</testsuite> <!-- basic.FetchingDataFromComlexJson -->
